{"/home/andre/projects/nodejs-with-ci-and-sonarcloud/app.js": {"path":"/home/andre/projects/nodejs-with-ci-and-sonarcloud/app.js","statementMap":{"0":{"start":{"line":1,"column":16},"end":{"line":1,"column":34}},"1":{"start":{"line":2,"column":12},"end":{"line":2,"column":21}},"2":{"start":{"line":3,"column":0},"end":{"line":3,"column":28}},"3":{"start":{"line":5,"column":19},"end":{"line":5,"column":43}},"4":{"start":{"line":6,"column":25},"end":{"line":6,"column":55}},"5":{"start":{"line":8,"column":0},"end":{"line":8,"column":23}},"6":{"start":{"line":9,"column":0},"end":{"line":9,"column":47}},"7":{"start":{"line":11,"column":0},"end":{"line":11,"column":30}},"8":{"start":{"line":13,"column":0},"end":{"line":13,"column":25}},"9":{"start":{"line":14,"column":0},"end":{"line":14,"column":41}},"10":{"start":{"line":16,"column":0},"end":{"line":16,"column":21}}},"fnMap":{},"branchMap":{},"s":{"0":1,"1":1,"2":1,"3":1,"4":1,"5":1,"6":1,"7":1,"8":1,"9":1,"10":1},"f":{},"b":{},"_coverageSchema":"1a1c01bbd47fc00a2c39e90264f33305004495a9","hash":"d317f69c6c843cb7a7585a0603831bfb51a23a54"}
,"/home/andre/projects/nodejs-with-ci-and-sonarcloud/controllers/homeController.js": {"path":"/home/andre/projects/nodejs-with-ci-and-sonarcloud/controllers/homeController.js","statementMap":{"0":{"start":{"line":2,"column":0},"end":{"line":4,"column":2}},"1":{"start":{"line":3,"column":4},"end":{"line":3,"column":23}}},"fnMap":{"0":{"name":"(anonymous_0)","decl":{"start":{"line":2,"column":14},"end":{"line":2,"column":15}},"loc":{"start":{"line":2,"column":40},"end":{"line":4,"column":1}},"line":2}},"branchMap":{},"s":{"0":1,"1":1},"f":{"0":1},"b":{},"_coverageSchema":"1a1c01bbd47fc00a2c39e90264f33305004495a9","hash":"f8df2acf9ac32665e744243b6ba8106a24e24f63"}
,"/home/andre/projects/nodejs-with-ci-and-sonarcloud/controllers/operationsController.js": {"path":"/home/andre/projects/nodejs-with-ci-and-sonarcloud/controllers/operationsController.js","statementMap":{"0":{"start":{"line":1,"column":12},"end":{"line":1,"column":26}},"1":{"start":{"line":3,"column":0},"end":{"line":17,"column":2}},"2":{"start":{"line":4,"column":24},"end":{"line":4,"column":54}},"3":{"start":{"line":5,"column":14},"end":{"line":5,"column":37}},"4":{"start":{"line":6,"column":14},"end":{"line":6,"column":37}},"5":{"start":{"line":8,"column":4},"end":{"line":12,"column":5}},"6":{"start":{"line":9,"column":8},"end":{"line":9,"column":42}},"7":{"start":{"line":10,"column":8},"end":{"line":10,"column":30}},"8":{"start":{"line":11,"column":8},"end":{"line":11,"column":15}},"9":{"start":{"line":14,"column":4},"end":{"line":14,"column":54}},"10":{"start":{"line":15,"column":4},"end":{"line":15,"column":45}},"11":{"start":{"line":19,"column":0},"end":{"line":33,"column":2}},"12":{"start":{"line":20,"column":24},"end":{"line":20,"column":54}},"13":{"start":{"line":21,"column":14},"end":{"line":21,"column":37}},"14":{"start":{"line":22,"column":14},"end":{"line":22,"column":37}},"15":{"start":{"line":24,"column":4},"end":{"line":28,"column":5}},"16":{"start":{"line":25,"column":8},"end":{"line":25,"column":42}},"17":{"start":{"line":26,"column":8},"end":{"line":26,"column":30}},"18":{"start":{"line":27,"column":8},"end":{"line":27,"column":15}},"19":{"start":{"line":30,"column":4},"end":{"line":30,"column":54}},"20":{"start":{"line":31,"column":4},"end":{"line":31,"column":45}}},"fnMap":{"0":{"name":"(anonymous_0)","decl":{"start":{"line":3,"column":14},"end":{"line":3,"column":15}},"loc":{"start":{"line":3,"column":40},"end":{"line":17,"column":1}},"line":3},"1":{"name":"(anonymous_1)","decl":{"start":{"line":19,"column":14},"end":{"line":19,"column":15}},"loc":{"start":{"line":19,"column":40},"end":{"line":33,"column":1}},"line":19}},"branchMap":{"0":{"loc":{"start":{"line":8,"column":4},"end":{"line":12,"column":5}},"type":"if","locations":[{"start":{"line":8,"column":4},"end":{"line":12,"column":5}},{"start":{},"end":{}}],"line":8},"1":{"loc":{"start":{"line":8,"column":8},"end":{"line":8,"column":16}},"type":"binary-expr","locations":[{"start":{"line":8,"column":8},"end":{"line":8,"column":10}},{"start":{"line":8,"column":14},"end":{"line":8,"column":16}}],"line":8},"2":{"loc":{"start":{"line":24,"column":4},"end":{"line":28,"column":5}},"type":"if","locations":[{"start":{"line":24,"column":4},"end":{"line":28,"column":5}},{"start":{},"end":{}}],"line":24},"3":{"loc":{"start":{"line":24,"column":8},"end":{"line":24,"column":16}},"type":"binary-expr","locations":[{"start":{"line":24,"column":8},"end":{"line":24,"column":10}},{"start":{"line":24,"column":14},"end":{"line":24,"column":16}}],"line":24}},"s":{"0":1,"1":1,"2":2,"3":2,"4":2,"5":2,"6":1,"7":1,"8":1,"9":1,"10":1,"11":1,"12":2,"13":2,"14":2,"15":2,"16":1,"17":1,"18":1,"19":1,"20":1},"f":{"0":2,"1":2},"b":{"0":[1,1],"1":[2,2],"2":[1,1],"3":[2,2]},"_coverageSchema":"1a1c01bbd47fc00a2c39e90264f33305004495a9","hash":"8f6ab8f6884a3bdc05d95d57a94bd3374a953a0d"}
,"/home/andre/projects/nodejs-with-ci-and-sonarcloud/routes/home.js": {"path":"/home/andre/projects/nodejs-with-ci-and-sonarcloud/routes/home.js","statementMap":{"0":{"start":{"line":1,"column":16},"end":{"line":1,"column":34}},"1":{"start":{"line":2,"column":15},"end":{"line":2,"column":31}},"2":{"start":{"line":3,"column":19},"end":{"line":3,"column":59}},"3":{"start":{"line":5,"column":0},"end":{"line":5,"column":32}},"4":{"start":{"line":7,"column":0},"end":{"line":7,"column":24}}},"fnMap":{},"branchMap":{},"s":{"0":1,"1":1,"2":1,"3":1,"4":1},"f":{},"b":{},"_coverageSchema":"1a1c01bbd47fc00a2c39e90264f33305004495a9","hash":"cfd3ad66a73217ca8b9eb6b62b2307d5c5a2d468"}
,"/home/andre/projects/nodejs-with-ci-and-sonarcloud/routes/operations.js": {"path":"/home/andre/projects/nodejs-with-ci-and-sonarcloud/routes/operations.js","statementMap":{"0":{"start":{"line":1,"column":16},"end":{"line":1,"column":34}},"1":{"start":{"line":2,"column":15},"end":{"line":2,"column":31}},"2":{"start":{"line":3,"column":19},"end":{"line":3,"column":65}},"3":{"start":{"line":5,"column":0},"end":{"line":5,"column":35}},"4":{"start":{"line":6,"column":0},"end":{"line":6,"column":35}},"5":{"start":{"line":8,"column":0},"end":{"line":8,"column":24}}},"fnMap":{},"branchMap":{},"s":{"0":1,"1":1,"2":1,"3":1,"4":1,"5":1},"f":{},"b":{},"_coverageSchema":"1a1c01bbd47fc00a2c39e90264f33305004495a9","hash":"6e3e4d432bb09aacd4b0826cdda4724630f7d54f"}
}
